<?xml version="1.0" encoding="UTF-8"?>
<!-- Generated by org.testng.reporters.JUnitReportReporter -->
<testsuite hostname="SQA" failures="0" tests="1" name="base_test.BaseTest" time="0.002" errors="0" timestamp="2022-09-30T17:02:10 PKT" skipped="0">
  <testcase classname="base_test.BaseTest" name="run" time="0.002"/>
  <system-out/>
</testsuite> <!-- base_test.BaseTest -->
